<html>
<head>
<title>TestNG:  Surefire test</title>
<link href="../testng.css" rel="stylesheet" type="text/css" />
<link href="../my-testng.css" rel="stylesheet" type="text/css" />

<style type="text/css">
.log { display: none;} 
.stack-trace { display: none;} 
</style>
<script type="text/javascript">
<!--
function flip(e) {
  current = e.style.display;
  if (current == 'block') {
    e.style.display = 'none';
    return 0;
  }
  else {
    e.style.display = 'block';
    return 1;
  }
}

function toggleBox(szDivId, elem, msg1, msg2)
{
  var res = -1;  if (document.getElementById) {
    res = flip(document.getElementById(szDivId));
  }
  else if (document.all) {
    // this is the way old msie versions work
    res = flip(document.all[szDivId]);
  }
  if(elem) {
    if(res == 0) elem.innerHTML = msg1; else elem.innerHTML = msg2;
  }

}

function toggleAllBoxes() {
  if (document.getElementsByTagName) {
    d = document.getElementsByTagName('div');
    for (i = 0; i < d.length; i++) {
      if (d[i].className == 'log') {
        flip(d[i]);
      }
    }
  }
}

// -->
</script>

</head>
<body>
<h2 align='center'>Surefire test</h2><table border='1' align="center">
<tr>
<td>Tests passed/Failed/Skipped:</td><td>10/0/0</td>
</tr><tr>
<td>Started on:</td><td>Sat Apr 11 21:13:51 MSK 2020</td>
</tr>
<tr><td>Total time:</td><td>1 seconds (1084 ms)</td>
</tr><tr>
<td>Included groups:</td><td></td>
</tr><tr>
<td>Excluded groups:</td><td></td>
</tr>
</table><p/>
<small><i>(Hover the method name to see the test class name)</i></small><p/>
<table width='100%' border='1' class='invocation-passed'>
<tr><td colspan='4' align='center'><b>PASSED TESTS</b></td></tr>
<tr><td><b>Test method</b></td>
<td width="30%"><b>Exception</b></td>
<td width="10%"><b>Time (seconds)</b></td>
<td><b>Instance</b></td>
</tr>
<tr>
<td title='TestItems.TestAddBagInStack()'><b>TestAddBagInStack</b><br>Test class: TestItems</td>
<td></td>
<td>0</td>
<td>TestItems@4d63b624</td></tr>
<tr>
<td title='TestItems.TestAddItemsToTheBag()'><b>TestAddItemsToTheBag</b><br>Test class: TestItems</td>
<td></td>
<td>0</td>
<td>TestItems@4d63b624</td></tr>
<tr>
<td title='TestItems.TestAddItemsToTheBox()'><b>TestAddItemsToTheBox</b><br>Test class: TestItems</td>
<td></td>
<td>0</td>
<td>TestItems@4d63b624</td></tr>
<tr>
<td title='TestItems.TestAddItemsToTheStack()'><b>TestAddItemsToTheStack</b><br>Test class: TestItems</td>
<td></td>
<td>0</td>
<td>TestItems@4d63b624</td></tr>
<tr>
<td title='TestItems.TestAddThisBagToTheBox()'><b>TestAddThisBagToTheBox</b><br>Test class: TestItems</td>
<td></td>
<td>0</td>
<td>TestItems@4d63b624</td></tr>
<tr>
<td title='TestItems.addContainerToContainer()'><b>addContainerToContainer</b><br>Test class: TestItems</td>
<td></td>
<td>0</td>
<td>TestItems@4d63b624</td></tr>
<tr>
<td title='TestItems.mistakesStoreOperationItems()'><b>mistakesStoreOperationItems</b><br>Test class: TestItems</td>
<td><div><pre>ItemAlreadyPlacedException: Этот предмет уже где-то лежит
	at Bag.addItem_aroundBody0(Bag.java:29)
	at Bag$AjcClosure1.run(Bag.java:1)
	at io.qameta.allure.aspects.StepsAspects.step(StepsAspects.java:51)
	at Bag.addItem(Bag.java:19)
	at Box.addItemContainer(Box.java:13)
	at TestItems.mistakesStoreOperationItems(TestItems.java:149)
... Removed 31 stack frames</pre></div><a href='#' onClick='toggleBox("stack-trace577442875", this, "Click to show all stack frames", "Click to hide stack frames")'>Click to show all stack frames</a>
<div class='stack-trace' id='stack-trace577442875'><pre>ItemAlreadyPlacedException: Этот предмет уже где-то лежит
	at Bag.addItem_aroundBody0(Bag.java:29)
	at Bag$AjcClosure1.run(Bag.java:1)
	at org.aspectj.runtime.reflect.JoinPointImpl.proceed(JoinPointImpl.java:149)
	at io.qameta.allure.aspects.StepsAspects.step(StepsAspects.java:51)
	at Bag.addItem(Bag.java:19)
	at Box.addItemContainer(Box.java:13)
	at TestItems.mistakesStoreOperationItems(TestItems.java:149)
	at sun.reflect.NativeMethodAccessorImpl.invoke0(Native Method)
	at sun.reflect.NativeMethodAccessorImpl.invoke(NativeMethodAccessorImpl.java:62)
	at sun.reflect.DelegatingMethodAccessorImpl.invoke(DelegatingMethodAccessorImpl.java:43)
	at java.lang.reflect.Method.invoke(Method.java:498)
	at org.testng.internal.MethodInvocationHelper.invokeMethod(MethodInvocationHelper.java:104)
	at org.testng.internal.Invoker.invokeMethod(Invoker.java:645)
	at org.testng.internal.Invoker.invokeTestMethod(Invoker.java:851)
	at org.testng.internal.Invoker.invokeTestMethods(Invoker.java:1177)
	at org.testng.internal.TestMethodWorker.invokeTestMethods(TestMethodWorker.java:129)
	at org.testng.internal.TestMethodWorker.run(TestMethodWorker.java:112)
	at org.testng.TestRunner.privateRun(TestRunner.java:756)
	at org.testng.TestRunner.run(TestRunner.java:610)
	at org.testng.SuiteRunner.runTest(SuiteRunner.java:387)
	at org.testng.SuiteRunner.runSequentially(SuiteRunner.java:382)
	at org.testng.SuiteRunner.privateRun(SuiteRunner.java:340)
	at org.testng.SuiteRunner.run(SuiteRunner.java:289)
	at org.testng.SuiteRunnerWorker.runSuite(SuiteRunnerWorker.java:52)
	at org.testng.SuiteRunnerWorker.run(SuiteRunnerWorker.java:86)
	at org.testng.TestNG.runSuitesSequentially(TestNG.java:1293)
	at org.testng.TestNG.runSuitesLocally(TestNG.java:1218)
	at org.testng.TestNG.runSuites(TestNG.java:1133)
	at org.testng.TestNG.run(TestNG.java:1104)
	at org.apache.maven.surefire.testng.TestNGExecutor.run(TestNGExecutor.java:135)
	at org.apache.maven.surefire.testng.TestNGDirectoryTestSuite.executeSingleClass(TestNGDirectoryTestSuite.java:112)
	at org.apache.maven.surefire.testng.TestNGDirectoryTestSuite.execute(TestNGDirectoryTestSuite.java:99)
	at org.apache.maven.surefire.testng.TestNGProvider.invoke(TestNGProvider.java:146)
	at org.apache.maven.surefire.booter.ForkedBooter.invokeProviderInSameClassLoader(ForkedBooter.java:373)
	at org.apache.maven.surefire.booter.ForkedBooter.runSuitesInProcess(ForkedBooter.java:334)
	at org.apache.maven.surefire.booter.ForkedBooter.execute(ForkedBooter.java:119)
	at org.apache.maven.surefire.booter.ForkedBooter.main(ForkedBooter.java:407)
</pre></div></td>
<td>0</td>
<td>TestItems@4d63b624</td></tr>
<tr>
<td title='TestItems.mistakesWeightOperationItems()'><b>mistakesWeightOperationItems</b><br>Test class: TestItems</td>
<td><div><pre>ItemStoreException: Нельзя положить больше 5.0 кг
	at Bag.addItem_aroundBody0(Bag.java:26)
	at Bag$AjcClosure1.run(Bag.java:1)
	at io.qameta.allure.aspects.StepsAspects.step(StepsAspects.java:51)
	at Bag.addItem(Bag.java:19)
	at TestItems.mistakesWeightOperationItems(TestItems.java:136)
... Removed 31 stack frames</pre></div><a href='#' onClick='toggleBox("stack-trace254692047", this, "Click to show all stack frames", "Click to hide stack frames")'>Click to show all stack frames</a>
<div class='stack-trace' id='stack-trace254692047'><pre>ItemStoreException: Нельзя положить больше 5.0 кг
	at Bag.addItem_aroundBody0(Bag.java:26)
	at Bag$AjcClosure1.run(Bag.java:1)
	at org.aspectj.runtime.reflect.JoinPointImpl.proceed(JoinPointImpl.java:149)
	at io.qameta.allure.aspects.StepsAspects.step(StepsAspects.java:51)
	at Bag.addItem(Bag.java:19)
	at TestItems.mistakesWeightOperationItems(TestItems.java:136)
	at sun.reflect.NativeMethodAccessorImpl.invoke0(Native Method)
	at sun.reflect.NativeMethodAccessorImpl.invoke(NativeMethodAccessorImpl.java:62)
	at sun.reflect.DelegatingMethodAccessorImpl.invoke(DelegatingMethodAccessorImpl.java:43)
	at java.lang.reflect.Method.invoke(Method.java:498)
	at org.testng.internal.MethodInvocationHelper.invokeMethod(MethodInvocationHelper.java:104)
	at org.testng.internal.Invoker.invokeMethod(Invoker.java:645)
	at org.testng.internal.Invoker.invokeTestMethod(Invoker.java:851)
	at org.testng.internal.Invoker.invokeTestMethods(Invoker.java:1177)
	at org.testng.internal.TestMethodWorker.invokeTestMethods(TestMethodWorker.java:129)
	at org.testng.internal.TestMethodWorker.run(TestMethodWorker.java:112)
	at org.testng.TestRunner.privateRun(TestRunner.java:756)
	at org.testng.TestRunner.run(TestRunner.java:610)
	at org.testng.SuiteRunner.runTest(SuiteRunner.java:387)
	at org.testng.SuiteRunner.runSequentially(SuiteRunner.java:382)
	at org.testng.SuiteRunner.privateRun(SuiteRunner.java:340)
	at org.testng.SuiteRunner.run(SuiteRunner.java:289)
	at org.testng.SuiteRunnerWorker.runSuite(SuiteRunnerWorker.java:52)
	at org.testng.SuiteRunnerWorker.run(SuiteRunnerWorker.java:86)
	at org.testng.TestNG.runSuitesSequentially(TestNG.java:1293)
	at org.testng.TestNG.runSuitesLocally(TestNG.java:1218)
	at org.testng.TestNG.runSuites(TestNG.java:1133)
	at org.testng.TestNG.run(TestNG.java:1104)
	at org.apache.maven.surefire.testng.TestNGExecutor.run(TestNGExecutor.java:135)
	at org.apache.maven.surefire.testng.TestNGDirectoryTestSuite.executeSingleClass(TestNGDirectoryTestSuite.java:112)
	at org.apache.maven.surefire.testng.TestNGDirectoryTestSuite.execute(TestNGDirectoryTestSuite.java:99)
	at org.apache.maven.surefire.testng.TestNGProvider.invoke(TestNGProvider.java:146)
	at org.apache.maven.surefire.booter.ForkedBooter.invokeProviderInSameClassLoader(ForkedBooter.java:373)
	at org.apache.maven.surefire.booter.ForkedBooter.runSuitesInProcess(ForkedBooter.java:334)
	at org.apache.maven.surefire.booter.ForkedBooter.execute(ForkedBooter.java:119)
	at org.apache.maven.surefire.booter.ForkedBooter.main(ForkedBooter.java:407)
</pre></div></td>
<td>0</td>
<td>TestItems@4d63b624</td></tr>
<tr>
<td title='TestItems.testCreateContainerItems()'><b>testCreateContainerItems</b><br>Test class: TestItems</td>
<td></td>
<td>0</td>
<td>TestItems@4d63b624</td></tr>
<tr>
<td title='TestItems.testCreateItems()'><b>testCreateItems</b><br>Test class: TestItems</td>
<td></td>
<td>0</td>
<td>TestItems@4d63b624</td></tr>
</table><p>
</body>
</html>