<?xml version="1.0" encoding="UTF-8"?>
<testng-results skipped="0" failed="0" ignored="0" total="10" passed="10">
  <reporter-output>
  </reporter-output>
  <suite name="Surefire suite" duration-ms="1084" started-at="2020-04-11T18:13:51Z" finished-at="2020-04-11T18:13:52Z">
    <groups>
    </groups>
    <test name="Surefire test" duration-ms="1084" started-at="2020-04-11T18:13:51Z" finished-at="2020-04-11T18:13:52Z">
      <class name="TestItems">
        <test-method status="PASS" signature="TestAddBagInStack()[pri:0, instance:TestItems@4d63b624]" name="TestAddBagInStack" duration-ms="402" started-at="2020-04-11T21:13:51Z" finished-at="2020-04-11T21:13:51Z">
          <reporter-output>
          </reporter-output>
        </test-method> <!-- TestAddBagInStack -->
        <test-method status="PASS" signature="TestAddItemsToTheBag()[pri:0, instance:TestItems@4d63b624]" name="TestAddItemsToTheBag" duration-ms="13" started-at="2020-04-11T21:13:52Z" finished-at="2020-04-11T21:13:52Z">
          <reporter-output>
          </reporter-output>
        </test-method> <!-- TestAddItemsToTheBag -->
        <test-method status="PASS" signature="TestAddItemsToTheBox()[pri:0, instance:TestItems@4d63b624]" name="TestAddItemsToTheBox" duration-ms="6" started-at="2020-04-11T21:13:52Z" finished-at="2020-04-11T21:13:52Z">
          <reporter-output>
          </reporter-output>
        </test-method> <!-- TestAddItemsToTheBox -->
        <test-method status="PASS" signature="TestAddItemsToTheStack()[pri:0, instance:TestItems@4d63b624]" name="TestAddItemsToTheStack" duration-ms="3" started-at="2020-04-11T21:13:52Z" finished-at="2020-04-11T21:13:52Z">
          <reporter-output>
          </reporter-output>
        </test-method> <!-- TestAddItemsToTheStack -->
        <test-method status="PASS" signature="TestAddThisBagToTheBox()[pri:0, instance:TestItems@4d63b624]" name="TestAddThisBagToTheBox" duration-ms="13" started-at="2020-04-11T21:13:52Z" finished-at="2020-04-11T21:13:52Z">
          <reporter-output>
          </reporter-output>
        </test-method> <!-- TestAddThisBagToTheBox -->
        <test-method status="PASS" signature="addContainerToContainer()[pri:0, instance:TestItems@4d63b624]" name="addContainerToContainer" duration-ms="12" started-at="2020-04-11T21:13:52Z" finished-at="2020-04-11T21:13:52Z">
          <reporter-output>
          </reporter-output>
        </test-method> <!-- addContainerToContainer -->
        <test-method status="PASS" signature="mistakesStoreOperationItems()[pri:0, instance:TestItems@4d63b624]" name="mistakesStoreOperationItems" duration-ms="11" started-at="2020-04-11T21:13:52Z" finished-at="2020-04-11T21:13:52Z">
          <exception class="ItemAlreadyPlacedException">
            <message>
              <![CDATA[Этот предмет уже где-то лежит]]>
            </message>
            <full-stacktrace>
              <![CDATA[ItemAlreadyPlacedException: Этот предмет уже где-то лежит
	at Bag.addItem_aroundBody0(Bag.java:29)
	at Bag$AjcClosure1.run(Bag.java:1)
	at org.aspectj.runtime.reflect.JoinPointImpl.proceed(JoinPointImpl.java:149)
	at io.qameta.allure.aspects.StepsAspects.step(StepsAspects.java:51)
	at Bag.addItem(Bag.java:19)
	at Box.addItemContainer(Box.java:13)
	at TestItems.mistakesStoreOperationItems(TestItems.java:149)
	at sun.reflect.NativeMethodAccessorImpl.invoke0(Native Method)
	at sun.reflect.NativeMethodAccessorImpl.invoke(NativeMethodAccessorImpl.java:62)
	at sun.reflect.DelegatingMethodAccessorImpl.invoke(DelegatingMethodAccessorImpl.java:43)
	at java.lang.reflect.Method.invoke(Method.java:498)
	at org.testng.internal.MethodInvocationHelper.invokeMethod(MethodInvocationHelper.java:104)
	at org.testng.internal.Invoker.invokeMethod(Invoker.java:645)
	at org.testng.internal.Invoker.invokeTestMethod(Invoker.java:851)
	at org.testng.internal.Invoker.invokeTestMethods(Invoker.java:1177)
	at org.testng.internal.TestMethodWorker.invokeTestMethods(TestMethodWorker.java:129)
	at org.testng.internal.TestMethodWorker.run(TestMethodWorker.java:112)
	at org.testng.TestRunner.privateRun(TestRunner.java:756)
	at org.testng.TestRunner.run(TestRunner.java:610)
	at org.testng.SuiteRunner.runTest(SuiteRunner.java:387)
	at org.testng.SuiteRunner.runSequentially(SuiteRunner.java:382)
	at org.testng.SuiteRunner.privateRun(SuiteRunner.java:340)
	at org.testng.SuiteRunner.run(SuiteRunner.java:289)
	at org.testng.SuiteRunnerWorker.runSuite(SuiteRunnerWorker.java:52)
	at org.testng.SuiteRunnerWorker.run(SuiteRunnerWorker.java:86)
	at org.testng.TestNG.runSuitesSequentially(TestNG.java:1293)
	at org.testng.TestNG.runSuitesLocally(TestNG.java:1218)
	at org.testng.TestNG.runSuites(TestNG.java:1133)
	at org.testng.TestNG.run(TestNG.java:1104)
	at org.apache.maven.surefire.testng.TestNGExecutor.run(TestNGExecutor.java:135)
	at org.apache.maven.surefire.testng.TestNGDirectoryTestSuite.executeSingleClass(TestNGDirectoryTestSuite.java:112)
	at org.apache.maven.surefire.testng.TestNGDirectoryTestSuite.execute(TestNGDirectoryTestSuite.java:99)
	at org.apache.maven.surefire.testng.TestNGProvider.invoke(TestNGProvider.java:146)
	at org.apache.maven.surefire.booter.ForkedBooter.invokeProviderInSameClassLoader(ForkedBooter.java:373)
	at org.apache.maven.surefire.booter.ForkedBooter.runSuitesInProcess(ForkedBooter.java:334)
	at org.apache.maven.surefire.booter.ForkedBooter.execute(ForkedBooter.java:119)
	at org.apache.maven.surefire.booter.ForkedBooter.main(ForkedBooter.java:407)
]]>
            </full-stacktrace>
          </exception> <!-- ItemAlreadyPlacedException -->
          <reporter-output>
          </reporter-output>
        </test-method> <!-- mistakesStoreOperationItems -->
        <test-method status="PASS" signature="mistakesWeightOperationItems()[pri:0, instance:TestItems@4d63b624]" name="mistakesWeightOperationItems" duration-ms="11" started-at="2020-04-11T21:13:52Z" finished-at="2020-04-11T21:13:52Z">
          <exception class="ItemStoreException">
            <message>
              <![CDATA[Нельзя положить больше 5.0 кг]]>
            </message>
            <full-stacktrace>
              <![CDATA[ItemStoreException: Нельзя положить больше 5.0 кг
	at Bag.addItem_aroundBody0(Bag.java:26)
	at Bag$AjcClosure1.run(Bag.java:1)
	at org.aspectj.runtime.reflect.JoinPointImpl.proceed(JoinPointImpl.java:149)
	at io.qameta.allure.aspects.StepsAspects.step(StepsAspects.java:51)
	at Bag.addItem(Bag.java:19)
	at TestItems.mistakesWeightOperationItems(TestItems.java:136)
	at sun.reflect.NativeMethodAccessorImpl.invoke0(Native Method)
	at sun.reflect.NativeMethodAccessorImpl.invoke(NativeMethodAccessorImpl.java:62)
	at sun.reflect.DelegatingMethodAccessorImpl.invoke(DelegatingMethodAccessorImpl.java:43)
	at java.lang.reflect.Method.invoke(Method.java:498)
	at org.testng.internal.MethodInvocationHelper.invokeMethod(MethodInvocationHelper.java:104)
	at org.testng.internal.Invoker.invokeMethod(Invoker.java:645)
	at org.testng.internal.Invoker.invokeTestMethod(Invoker.java:851)
	at org.testng.internal.Invoker.invokeTestMethods(Invoker.java:1177)
	at org.testng.internal.TestMethodWorker.invokeTestMethods(TestMethodWorker.java:129)
	at org.testng.internal.TestMethodWorker.run(TestMethodWorker.java:112)
	at org.testng.TestRunner.privateRun(TestRunner.java:756)
	at org.testng.TestRunner.run(TestRunner.java:610)
	at org.testng.SuiteRunner.runTest(SuiteRunner.java:387)
	at org.testng.SuiteRunner.runSequentially(SuiteRunner.java:382)
	at org.testng.SuiteRunner.privateRun(SuiteRunner.java:340)
	at org.testng.SuiteRunner.run(SuiteRunner.java:289)
	at org.testng.SuiteRunnerWorker.runSuite(SuiteRunnerWorker.java:52)
	at org.testng.SuiteRunnerWorker.run(SuiteRunnerWorker.java:86)
	at org.testng.TestNG.runSuitesSequentially(TestNG.java:1293)
	at org.testng.TestNG.runSuitesLocally(TestNG.java:1218)
	at org.testng.TestNG.runSuites(TestNG.java:1133)
	at org.testng.TestNG.run(TestNG.java:1104)
	at org.apache.maven.surefire.testng.TestNGExecutor.run(TestNGExecutor.java:135)
	at org.apache.maven.surefire.testng.TestNGDirectoryTestSuite.executeSingleClass(TestNGDirectoryTestSuite.java:112)
	at org.apache.maven.surefire.testng.TestNGDirectoryTestSuite.execute(TestNGDirectoryTestSuite.java:99)
	at org.apache.maven.surefire.testng.TestNGProvider.invoke(TestNGProvider.java:146)
	at org.apache.maven.surefire.booter.ForkedBooter.invokeProviderInSameClassLoader(ForkedBooter.java:373)
	at org.apache.maven.surefire.booter.ForkedBooter.runSuitesInProcess(ForkedBooter.java:334)
	at org.apache.maven.surefire.booter.ForkedBooter.execute(ForkedBooter.java:119)
	at org.apache.maven.surefire.booter.ForkedBooter.main(ForkedBooter.java:407)
]]>
            </full-stacktrace>
          </exception> <!-- ItemStoreException -->
          <reporter-output>
          </reporter-output>
        </test-method> <!-- mistakesWeightOperationItems -->
        <test-method status="PASS" signature="testCreateContainerItems()[pri:0, instance:TestItems@4d63b624]" name="testCreateContainerItems" duration-ms="4" started-at="2020-04-11T21:13:52Z" finished-at="2020-04-11T21:13:52Z">
          <reporter-output>
          </reporter-output>
        </test-method> <!-- testCreateContainerItems -->
        <test-method status="PASS" signature="testCreateItems()[pri:0, instance:TestItems@4d63b624]" name="testCreateItems" duration-ms="5" started-at="2020-04-11T21:13:52Z" finished-at="2020-04-11T21:13:52Z">
          <reporter-output>
          </reporter-output>
        </test-method> <!-- testCreateItems -->
      </class> <!-- TestItems -->
    </test> <!-- Surefire test -->
  </suite> <!-- Surefire suite -->
</testng-results>
